2020-02-15T18:11:56+00:00 CRITICAL Uncaught Error: Call to undefined function twentyseventeen_unique_id() in /home/igor/dev/wordpress_one.com/wp-content/themes/twentyseventeen/searchform.php:13
Stack trace:
#0 /home/igor/dev/wordpress_one.com/wp-includes/general-template.php(258): require()
#1 /home/igor/dev/wordpress_one.com/wp-content/themes/twentyseventeen-child/header.php(10): get_search_form()
#2 /home/igor/dev/wordpress_one.com/wp-includes/template.php(722): require_once('/home/igor/dev/...')
#3 /home/igor/dev/wordpress_one.com/wp-includes/template.php(671): load_template('/home/igor/dev/...', true)
#4 /home/igor/dev/wordpress_one.com/wp-includes/general-template.php(41): locate_template(Array, true)
#5 /home/igor/dev/wordpress_one.com/wp-content/themes/twentyseventeen-child/functions.php(8): get_header()
#6 /home/igor/dev/wordpress_one.com/wp-settings.php(497): include('/home/igor/dev/...')
#7 /home/igor/dev/wordpress_one.com/wp-config.php(90): require_once('/home/igor/dev/...')
#8 /home/igor/dev/wordpress_one.com/wp-load.php(37): requi in /home/igor/dev/wordpress_one.com/wp-content/themes/twentyseventeen/searchform.php on line 13

2020-02-15T18:12:19+00:00 CRITICAL Uncaught Error: Call to undefined function twentyseventeen_unique_id() in /home/igor/dev/wordpress_one.com/wp-content/themes/twentyseventeen/searchform.php:13
Stack trace:
#0 /home/igor/dev/wordpress_one.com/wp-includes/general-template.php(258): require()
#1 /home/igor/dev/wordpress_one.com/wp-content/themes/twentyseventeen-child/header.php(10): get_search_form()
#2 /home/igor/dev/wordpress_one.com/wp-includes/template.php(722): require_once('/home/igor/dev/...')
#3 /home/igor/dev/wordpress_one.com/wp-includes/template.php(671): load_template('/home/igor/dev/...', true)
#4 /home/igor/dev/wordpress_one.com/wp-includes/general-template.php(41): locate_template(Array, true)
#5 /home/igor/dev/wordpress_one.com/wp-content/themes/twentyseventeen-child/functions.php(8): get_header()
#6 /home/igor/dev/wordpress_one.com/wp-settings.php(497): include('/home/igor/dev/...')
#7 /home/igor/dev/wordpress_one.com/wp-config.php(90): require_once('/home/igor/dev/...')
#8 /home/igor/dev/wordpress_one.com/wp-load.php(37): requi in /home/igor/dev/wordpress_one.com/wp-content/themes/twentyseventeen/searchform.php on line 13

2020-02-15T18:12:22+00:00 CRITICAL Uncaught Error: Call to undefined function twentyseventeen_unique_id() in /home/igor/dev/wordpress_one.com/wp-content/themes/twentyseventeen/searchform.php:13
Stack trace:
#0 /home/igor/dev/wordpress_one.com/wp-includes/general-template.php(258): require()
#1 /home/igor/dev/wordpress_one.com/wp-content/themes/twentyseventeen-child/header.php(10): get_search_form()
#2 /home/igor/dev/wordpress_one.com/wp-includes/template.php(722): require_once('/home/igor/dev/...')
#3 /home/igor/dev/wordpress_one.com/wp-includes/template.php(671): load_template('/home/igor/dev/...', true)
#4 /home/igor/dev/wordpress_one.com/wp-includes/general-template.php(41): locate_template(Array, true)
#5 /home/igor/dev/wordpress_one.com/wp-content/themes/twentyseventeen-child/functions.php(8): get_header()
#6 /home/igor/dev/wordpress_one.com/wp-settings.php(497): include('/home/igor/dev/...')
#7 /home/igor/dev/wordpress_one.com/wp-config.php(90): require_once('/home/igor/dev/...')
#8 /home/igor/dev/wordpress_one.com/wp-load.php(37): requi in /home/igor/dev/wordpress_one.com/wp-content/themes/twentyseventeen/searchform.php on line 13

2020-02-15T18:12:27+00:00 CRITICAL Uncaught Error: Call to undefined function twentyseventeen_unique_id() in /home/igor/dev/wordpress_one.com/wp-content/themes/twentyseventeen/searchform.php:13
Stack trace:
#0 /home/igor/dev/wordpress_one.com/wp-includes/general-template.php(258): require()
#1 /home/igor/dev/wordpress_one.com/wp-content/themes/twentyseventeen-child/header.php(10): get_search_form()
#2 /home/igor/dev/wordpress_one.com/wp-includes/template.php(722): require_once('/home/igor/dev/...')
#3 /home/igor/dev/wordpress_one.com/wp-includes/template.php(671): load_template('/home/igor/dev/...', true)
#4 /home/igor/dev/wordpress_one.com/wp-includes/general-template.php(41): locate_template(Array, true)
#5 /home/igor/dev/wordpress_one.com/wp-content/themes/twentyseventeen-child/functions.php(8): get_header()
#6 /home/igor/dev/wordpress_one.com/wp-settings.php(497): include('/home/igor/dev/...')
#7 /home/igor/dev/wordpress_one.com/wp-config.php(90): require_once('/home/igor/dev/...')
#8 /home/igor/dev/wordpress_one.com/wp-load.php(37): requi in /home/igor/dev/wordpress_one.com/wp-content/themes/twentyseventeen/searchform.php on line 13

2020-02-15T18:12:40+00:00 CRITICAL Uncaught Error: Call to undefined function twentyseventeen_unique_id() in /home/igor/dev/wordpress_one.com/wp-content/themes/twentyseventeen/searchform.php:13
Stack trace:
#0 /home/igor/dev/wordpress_one.com/wp-includes/general-template.php(258): require()
#1 /home/igor/dev/wordpress_one.com/wp-content/themes/twentyseventeen-child/header.php(10): get_search_form()
#2 /home/igor/dev/wordpress_one.com/wp-includes/template.php(722): require_once('/home/igor/dev/...')
#3 /home/igor/dev/wordpress_one.com/wp-includes/template.php(671): load_template('/home/igor/dev/...', true)
#4 /home/igor/dev/wordpress_one.com/wp-includes/general-template.php(41): locate_template(Array, true)
#5 /home/igor/dev/wordpress_one.com/wp-content/themes/twentyseventeen-child/functions.php(8): get_header()
#6 /home/igor/dev/wordpress_one.com/wp-settings.php(497): include('/home/igor/dev/...')
#7 /home/igor/dev/wordpress_one.com/wp-config.php(90): require_once('/home/igor/dev/...')
#8 /home/igor/dev/wordpress_one.com/wp-load.php(37): requi in /home/igor/dev/wordpress_one.com/wp-content/themes/twentyseventeen/searchform.php on line 13

2020-02-15T18:12:46+00:00 CRITICAL Uncaught Error: Call to undefined function twentyseventeen_unique_id() in /home/igor/dev/wordpress_one.com/wp-content/themes/twentyseventeen/searchform.php:13
Stack trace:
#0 /home/igor/dev/wordpress_one.com/wp-includes/general-template.php(258): require()
#1 /home/igor/dev/wordpress_one.com/wp-content/themes/twentyseventeen-child/header.php(10): get_search_form()
#2 /home/igor/dev/wordpress_one.com/wp-includes/template.php(722): require_once('/home/igor/dev/...')
#3 /home/igor/dev/wordpress_one.com/wp-includes/template.php(671): load_template('/home/igor/dev/...', true)
#4 /home/igor/dev/wordpress_one.com/wp-includes/general-template.php(41): locate_template(Array, true)
#5 /home/igor/dev/wordpress_one.com/wp-content/themes/twentyseventeen-child/functions.php(8): get_header()
#6 /home/igor/dev/wordpress_one.com/wp-settings.php(497): include('/home/igor/dev/...')
#7 /home/igor/dev/wordpress_one.com/wp-config.php(90): require_once('/home/igor/dev/...')
#8 /home/igor/dev/wordpress_one.com/wp-load.php(37): requi in /home/igor/dev/wordpress_one.com/wp-content/themes/twentyseventeen/searchform.php on line 13

